2016-10-11 16:41:37 ERROR XMLTransformer:67 - Transforming error.
2016-10-11 16:41:37 ERROR XMLTransformer:68 - javax.xml.transform.TransformerException: com.sun.org.apache.xml.internal.utils.WrappedRuntimeException: D:\Git\sipvs\appliances-reporter\src\main\resources\file.xml (The system cannot find the file specified)
2016-10-11 16:45:35 INFO  XMLSaver:35 - Saving to XML...
2016-10-11 16:45:35 INFO  XMLSaver:46 - src//main//resources//file.xml created.
2016-10-11 16:45:37 INFO  XMLValidator:36 - Validating XML...
2016-10-11 16:45:38 ERROR XMLValidator:59 - XML file does not match schema
2016-10-11 16:45:38 ERROR XMLValidator:60 - cvc-complex-type.4: Attribute 'report_id' must appear on element 'appliance-report'.
2016-10-11 16:45:38 INFO  XMLValidator:65 - XML is valid and match schema.
2016-10-11 16:51:22 INFO  XMLValidator:36 - Validating XML...
2016-10-11 16:51:22 ERROR XMLValidator:59 - XML file does not match schema
2016-10-11 16:51:22 ERROR XMLValidator:60 - cvc-complex-type.4: Attribute 'report_id' must appear on element 'appliance-report'.
2016-10-11 16:51:22 INFO  XMLValidator:65 - XML is valid and match schema.
2016-10-11 16:52:58 INFO  XMLSaver:35 - Saving to XML...
2016-10-11 16:52:59 INFO  XMLSaver:46 - src//main//resources//file.xml created.
2016-10-11 16:53:01 INFO  XMLValidator:36 - Validating XML...
2016-10-11 16:53:01 ERROR XMLValidator:59 - XML file does not match schema
2016-10-11 16:53:01 ERROR XMLValidator:60 - cvc-complex-type.4: Attribute 'report_id' must appear on element 'appliance-report'.
2016-10-11 16:53:01 INFO  XMLValidator:65 - XML is valid and match schema.
2016-10-11 16:54:50 INFO  XMLValidator:36 - Validating XML...
2016-10-11 16:54:50 ERROR XMLValidator:59 - XML file does not match schema
2016-10-11 16:54:50 ERROR XMLValidator:60 - cvc-complex-type.4: Attribute 'report_id' must appear on element 'appliance-report'.
2016-10-11 16:54:50 INFO  XMLValidator:65 - XML is valid and match schema.
2016-10-11 17:18:28 INFO  XMLSaver:35 - Saving to XML...
2016-10-11 17:18:28 INFO  XMLSaver:46 - src//main//resources//file.xml created.
2016-10-11 17:18:43 INFO  XMLSaver:35 - Saving to XML...
2016-10-11 17:18:43 INFO  XMLSaver:46 - src//main//resources//file.xml created.
2016-10-11 17:18:45 INFO  XMLSaver:35 - Saving to XML...
2016-10-11 17:18:45 INFO  XMLSaver:46 - src//main//resources//file.xml created.
2016-10-11 17:20:49 INFO  XMLSaver:35 - Saving to XML...
2016-10-11 17:20:50 INFO  XMLSaver:46 - src//main//resources//file.xml created.
2016-10-11 17:20:51 INFO  XMLSaver:35 - Saving to XML...
2016-10-11 17:20:51 INFO  XMLSaver:46 - src//main//resources//file.xml created.
2016-10-11 17:21:33 INFO  XMLSaver:35 - Saving to XML...
2016-10-11 17:21:33 INFO  XMLSaver:46 - src//main//resources//file.xml created.
2016-10-11 21:10:00 INFO  XMLSaver:35 - Saving to XML...
2016-10-11 21:10:00 INFO  XMLSaver:46 - src//main//resources//file.xml created.
2016-10-11 21:10:02 INFO  XMLValidator:36 - Validating XML...
2016-10-11 21:10:02 INFO  XMLValidator:65 - XML is valid and match schema.
2016-10-11 21:11:44 INFO  XMLSaver:35 - Saving to XML...
2016-10-11 21:11:45 INFO  XMLSaver:46 - src//main//resources//file.xml created.
2016-10-11 21:11:47 INFO  XMLValidator:36 - Validating XML...
2016-10-11 21:11:47 INFO  XMLValidator:65 - XML is valid and match schema.
2016-10-11 21:13:13 INFO  XMLSaver:35 - Saving to XML...
2016-10-11 21:13:13 INFO  XMLSaver:46 - src//main//resources//file.xml created.
2016-10-11 21:13:14 INFO  XMLValidator:36 - Validating XML...
2016-10-11 21:13:14 INFO  XMLValidator:65 - XML is valid and match schema.
2016-10-11 21:42:30 INFO  XMLSaver:35 - Saving to XML...
2016-10-11 21:42:30 INFO  XMLSaver:46 - src//main//resources//file.xml created.
2016-10-11 21:42:31 INFO  XMLValidator:36 - Validating XML...
2016-10-11 21:42:31 INFO  XMLValidator:65 - XML is valid and match schema.
2016-10-11 21:43:11 INFO  XMLSaver:35 - Saving to XML...
2016-10-11 21:43:11 INFO  XMLSaver:46 - src//main//resources//file.xml created.
2016-10-11 21:43:12 INFO  XMLValidator:36 - Validating XML...
2016-10-11 21:43:12 INFO  XMLValidator:65 - XML is valid and match schema.
2016-10-11 22:04:02 INFO  XMLSaver:35 - Saving to XML...
2016-10-11 22:04:03 INFO  XMLSaver:46 - src//main//resources//file.xml created.
2016-10-11 22:04:03 INFO  XMLValidator:36 - Validating XML...
2016-10-11 22:04:03 INFO  XMLValidator:65 - XML is valid and match schema.
2016-10-11 22:14:48 INFO  XMLSaver:35 - Saving to XML...
2016-10-11 22:14:49 INFO  XMLSaver:46 - src//main//resources//file.xml created.
2016-10-11 22:14:50 INFO  XMLValidator:36 - Validating XML...
2016-10-11 22:14:50 INFO  XMLValidator:65 - XML is valid and match schema.
2016-10-12 17:14:30 INFO  XMLSaver:35 - Saving to XML...
2016-10-12 17:14:30 INFO  XMLSaver:46 - src//main//resources//file.xml created.
2016-10-12 17:14:32 INFO  XMLValidator:36 - Validating XML...
2016-10-12 17:14:32 INFO  XMLValidator:65 - XML is valid and match schema.
